<?xml version="1.0" encoding="UTF-8"?>
<!-- Generated by org.testng.reporters.JUnitReportReporter -->
<testsuite hostname="Prakash_Muthu" failures="0" tests="1" name="BDD.test.runner" time="11.452" errors="0" timestamp="2023-05-26T10:57:14 IST" skipped="0">
  <testcase classname="BDD.test.runner" name="runScenario" time="11.452"/>
  <system-out/>
</testsuite> <!-- BDD.test.runner -->
